1.345251e+08 1.345251e+08
-2.676937e+08 3.076000e+05
1.352669e+08 -1.342171e+08
1.049376e+06 1.337844e+08
1.349601e+08 2.676951e+08
-2.681271e+08 1.334776e+08
1.342191e+08 -4.327760e+05
1.600000e+03 1.600000e+03
1.340677e+08 1.340677e+08
-5.844280e+05 2.682852e+08
-8.918280e+05 1.343745e+08
1.333257e+08 5.907240e+05
1.336327e+08 8.977240e+05
-1.510520e+05 1.351153e+08
-1.340618e+08 1.348079e+08
1.557480e+05 1.557480e+05
3.606838e+05 1.343735e+08
-1.338939e+08 -1.342054e+08
3.239230e+05 -7.370975e+04
-1.339184e+08 1.341522e+08
-1.339184e+08 1.341522e+08
-1.340084e+08 -1.341440e+08
3.688880e+05 1.339841e+08
1.346973e+08 1.340456e+08
1.346973e+08 1.340456e+08
